[debug] [2025-12-08T23:40:46.355Z] ----------------------------------------------------------------------
[debug] [2025-12-08T23:40:46.359Z] Command:       C:\Program Files\nodejs\node.exe C:\Users\Afons\AppData\Roaming\npm\node_modules\firebase-tools\lib\bin\firebase.js init
[debug] [2025-12-08T23:40:46.359Z] CLI Version:   14.27.0
[debug] [2025-12-08T23:40:46.359Z] Platform:      win32
[debug] [2025-12-08T23:40:46.360Z] Node Version:  v22.14.0
[debug] [2025-12-08T23:40:46.360Z] Time:          Mon Dec 08 2025 23:40:46 GMT+0000 (Hora padrão da Europa Ocidental)
[debug] [2025-12-08T23:40:46.360Z] ----------------------------------------------------------------------
[debug] 
[info] 
     ######## #### ########  ######## ########     ###     ######  ########
     ##        ##  ##     ## ##       ##     ##  ##   ##  ##       ##
     ######    ##  ########  ######   ########  #########  ######  ######
     ##        ##  ##    ##  ##       ##     ## ##     ##       ## ##
     ##       #### ##     ## ######## ########  ##     ##  ######  ########

You're about to initialize a Firebase project in this directory:

  C:\Users\Afons\jarvas-ai-anti\jarvas-photo

Before we get started, keep in mind:

  * You are initializing within an existing Firebase project directory

[debug] [2025-12-08T23:42:33.650Z] ExitPromptError: User force closed the prompt with SIGINT
    at Interface.sigint (C:\Users\Afons\AppData\Roaming\npm\node_modules\firebase-tools\node_modules\@inquirer\core\dist\commonjs\lib\create-prompt.js:101:37)
    at Interface.emit (node:events:518:28)
    at Interface.emit (node:domain:489:12)
    at [_ttyWrite] [as _ttyWrite] (node:internal/readline/interface:1124:18)
    at ReadStream.onkeypress (node:internal/readline/interface:263:20)
    at ReadStream.emit (node:events:530:35)
    at ReadStream.emit (node:domain:489:12)
    at emitKeys (node:internal/readline/utils:370:14)
    at emitKeys.next (<anonymous>)
    at ReadStream.onData (node:internal/readline/emitKeypressEvents:64:36)
[error] 
[error] Error: An unexpected error has occurred.
